# JRE version: Java(TM) SE Runtime Environment (8.0_121-b13) (build 1.8.0_121-b13)
# Java VM: Java HotSpot(TM) 64-Bit Server VM (25.121-b13 mixed mode linux-amd64 compressed oops)
Heap:
 PSYoungGen      total 68608K, used 15695K [0x00000000d6e00000, 0x00000000df400000, 0x0000000100000000)
  eden space 63488K, 24% used [0x00000000d6e00000,0x00000000d7d53f48,0x00000000dac00000)
  from space 5120K, 0% used [0x00000000dac00000,0x00000000dac00000,0x00000000db100000)
  to   space 5120K, 0% used [0x00000000def00000,0x00000000def00000,0x00000000df400000)
 ParOldGen       total 65536K, used 13128K [0x0000000084a00000, 0x0000000088a00000, 0x00000000d6e00000)
  object space 65536K, 20% used [0x0000000084a00000,0x00000000856d2160,0x0000000088a00000)
 Metaspace       used 25471K, capacity 26450K, committed 26752K, reserved 1073152K
  class space    used 3460K, capacity 3664K, committed 3712K, reserved 1048576K
GC Heap History (8 events):
Event: 1,510 GC heap before
{Heap before GC invocations=1 (full 0):
 PSYoungGen      total 36864K, used 31744K [0x00000000d6e00000, 0x00000000d9700000, 0x0000000100000000)
  eden space 31744K, 100% used [0x00000000d6e00000,0x00000000d8d00000,0x00000000d8d00000)
  from space 5120K, 0% used [0x00000000d9200000,0x00000000d9200000,0x00000000d9700000)
  to   space 5120K, 0% used [0x00000000d8d00000,0x00000000d8d00000,0x00000000d9200000)
 ParOldGen       total 84992K, used 0K [0x0000000084a00000, 0x0000000089d00000, 0x00000000d6e00000)
  object space 84992K, 0% used [0x0000000084a00000,0x0000000084a00000,0x0000000089d00000)
 Metaspace       used 12030K, capacity 12562K, committed 12928K, reserved 1060864K
  class space    used 1673K, capacity 1818K, committed 1920K, reserved 1048576K
Event: 1,528 GC heap after
Heap after GC invocations=1 (full 0):
 PSYoungGen      total 36864K, used 4176K [0x00000000d6e00000, 0x00000000db600000, 0x0000000100000000)
  eden space 31744K, 0% used [0x00000000d6e00000,0x00000000d6e00000,0x00000000d8d00000)
  from space 5120K, 81% used [0x00000000d8d00000,0x00000000d9114050,0x00000000d9200000)
  to   space 5120K, 0% used [0x00000000db100000,0x00000000db100000,0x00000000db600000)
 ParOldGen       total 84992K, used 80K [0x0000000084a00000, 0x0000000089d00000, 0x00000000d6e00000)
  object space 84992K, 0% used [0x0000000084a00000,0x0000000084a14010,0x0000000089d00000)
 Metaspace       used 12030K, capacity 12562K, committed 12928K, reserved 1060864K
  class space    used 1673K, capacity 1818K, committed 1920K, reserved 1048576K
}
Event: 3,460 GC heap before
{Heap before GC invocations=2 (full 0):
 PSYoungGen      total 36864K, used 35920K [0x00000000d6e00000, 0x00000000db600000, 0x0000000100000000)
  eden space 31744K, 100% used [0x00000000d6e00000,0x00000000d8d00000,0x00000000d8d00000)
  from space 5120K, 81% used [0x00000000d8d00000,0x00000000d9114050,0x00000000d9200000)
  to   space 5120K, 0% used [0x00000000db100000,0x00000000db100000,0x00000000db600000)
 ParOldGen       total 84992K, used 80K [0x0000000084a00000, 0x0000000089d00000, 0x00000000d6e00000)
  object space 84992K, 0% used [0x0000000084a00000,0x0000000084a14010,0x0000000089d00000)
 Metaspace       used 16879K, capacity 17774K, committed 17920K, reserved 1064960K
  class space    used 2517K, capacity 2704K, committed 2816K, reserved 1048576K
Event: 3,505 GC heap after
Heap after GC invocations=2 (full 0):
 PSYoungGen      total 68608K, used 5088K [0x00000000d6e00000, 0x00000000db600000, 0x0000000100000000)
  eden space 63488K, 0% used [0x00000000d6e00000,0x00000000d6e00000,0x00000000dac00000)
  from space 5120K, 99% used [0x00000000db100000,0x00000000db5f8040,0x00000000db600000)
  to   space 5120K, 0% used [0x00000000dac00000,0x00000000dac00000,0x00000000db100000)
 ParOldGen       total 84992K, used 5842K [0x0000000084a00000, 0x0000000089d00000, 0x00000000d6e00000)
  object space 84992K, 6% used [0x0000000084a00000,0x0000000084fb4950,0x0000000089d00000)
 Metaspace       used 16879K, capacity 17774K, committed 17920K, reserved 1064960K
  class space    used 2517K, capacity 2704K, committed 2816K, reserved 1048576K
}
Event: 22,086 GC heap before
{Heap before GC invocations=3 (full 0):
 PSYoungGen      total 68608K, used 18661K [0x00000000d6e00000, 0x00000000db600000, 0x0000000100000000)
  eden space 63488K, 21% used [0x00000000d6e00000,0x00000000d7b41618,0x00000000dac00000)
  from space 5120K, 99% used [0x00000000db100000,0x00000000db5f8040,0x00000000db600000)
  to   space 5120K, 0% used [0x00000000dac00000,0x00000000dac00000,0x00000000db100000)
 ParOldGen       total 84992K, used 5842K [0x0000000084a00000, 0x0000000089d00000, 0x00000000d6e00000)
  object space 84992K, 6% used [0x0000000084a00000,0x0000000084fb4950,0x0000000089d00000)
 Metaspace       used 20253K, capacity 21194K, committed 21248K, reserved 1067008K
  class space    used 2797K, capacity 3030K, committed 3072K, reserved 1048576K
Event: 22,116 GC heap after
Heap after GC invocations=3 (full 0):
 PSYoungGen      total 68608K, used 5102K [0x00000000d6e00000, 0x00000000df400000, 0x0000000100000000)
  eden space 63488K, 0% used [0x00000000d6e00000,0x00000000d6e00000,0x00000000dac00000)
  from space 5120K, 99% used [0x00000000dac00000,0x00000000db0fb840,0x00000000db100000)
  to   space 5120K, 0% used [0x00000000def00000,0x00000000def00000,0x00000000df400000)
 ParOldGen       total 84992K, used 8797K [0x0000000084a00000, 0x0000000089d00000, 0x00000000d6e00000)
  object space 84992K, 10% used [0x0000000084a00000,0x0000000085297430,0x0000000089d00000)
 Metaspace       used 20253K, capacity 21194K, committed 21248K, reserved 1067008K
  class space    used 2797K, capacity 3030K, committed 3072K, reserved 1048576K
}
Event: 22,117 GC heap before
{Heap before GC invocations=4 (full 1):
 PSYoungGen      total 68608K, used 5102K [0x00000000d6e00000, 0x00000000df400000, 0x0000000100000000)
  eden space 63488K, 0% used [0x00000000d6e00000,0x00000000d6e00000,0x00000000dac00000)
  from space 5120K, 99% used [0x00000000dac00000,0x00000000db0fb840,0x00000000db100000)
  to   space 5120K, 0% used [0x00000000def00000,0x00000000def00000,0x00000000df400000)
 ParOldGen       total 84992K, used 8797K [0x0000000084a00000, 0x0000000089d00000, 0x00000000d6e00000)
  object space 84992K, 10% used [0x0000000084a00000,0x0000000085297430,0x0000000089d00000)
 Metaspace       used 20253K, capacity 21194K, committed 21248K, reserved 1067008K
  class space    used 2797K, capacity 3030K, committed 3072K, reserved 1048576K
Event: 22,333 GC heap after
Heap after GC invocations=4 (full 1):
 PSYoungGen      total 68608K, used 0K [0x00000000d6e00000, 0x00000000df400000, 0x0000000100000000)
  eden space 63488K, 0% used [0x00000000d6e00000,0x00000000d6e00000,0x00000000dac00000)
  from space 5120K, 0% used [0x00000000dac00000,0x00000000dac00000,0x00000000db100000)
  to   space 5120K, 0% used [0x00000000def00000,0x00000000def00000,0x00000000df400000)
 ParOldGen       total 65536K, used 13128K [0x0000000084a00000, 0x0000000088a00000, 0x00000000d6e00000)
  object space 65536K, 20% used [0x0000000084a00000,0x00000000856d2160,0x0000000088a00000)
 Metaspace       used 20253K, capacity 21194K, committed 21248K, reserved 1067008K
  class space    used 2797K, capacity 3030K, committed 3072K, reserved 1048576K
}

